<?xml version="1.0" encoding="UTF-8"?>
<!-- Generated by org.testng.reporters.JUnitReportReporter -->
<testsuite hostname="SCHATRADI-3W10" failures="0" tests="1" name="email.emailTest" time="0.295" errors="0" timestamp="2021-09-13T22:10:23 EDT" skipped="0">
  <testcase classname="email.emailTest" name="userLogin" time="0.295"/>
  <system-out/>
</testsuite> <!-- email.emailTest -->
